
                            < M A T L A B (R) >
                  Copyright 1984-2021 The MathWorks, Inc.
                  R2021a (9.10.0.1602886) 64-bit (glnxa64)
                             February 17, 2021

 
To get started, type doc.
For product information, visit www.mathworks.com.
 
Processing 20180202_volunteer 
## Setting up parameters 
## Loading data from input directory 
## Brain Extraction 
## Cropping images 
## Phase unwrapping and background field removing 
Calling Python for iQSM reconstruction
iQSM Reconstruction Finished
Network Loading
reconing ...
0.9708065986633301
torch.Size([304, 304, 240])
Saving results
end
Calling Python for iQSM reconstruction
iQSM Reconstruction Finished
Network Loading
reconing ...
0.961101770401001
torch.Size([304, 304, 240])
Saving results
end
Calling Python for iQSM reconstruction
iQSM Reconstruction Finished
Network Loading
reconing ...
0.9457616806030273
torch.Size([304, 304, 240])
Saving results
end
Calling Python for iQSM reconstruction
iQSM Reconstruction Finished
Network Loading
reconing ...
0.9572584629058838
torch.Size([304, 304, 240])
Saving results
end
## Done!! 
Processing 20180510_volunteer 
## Setting up parameters 
## Loading data from input directory 
## Brain Extraction 
## Cropping images 
## Phase unwrapping and background field removing 
Calling Python for iQSM reconstruction
iQSM Reconstruction Finished
Network Loading
reconing ...
0.949946403503418
torch.Size([304, 304, 240])
Saving results
end
Calling Python for iQSM reconstruction
iQSM Reconstruction Finished
Network Loading
reconing ...
0.9438157081604004
torch.Size([304, 304, 240])
Saving results
end
Calling Python for iQSM reconstruction
iQSM Reconstruction Finished
Network Loading
reconing ...
0.9426610469818115
torch.Size([304, 304, 240])
Saving results
end
Calling Python for iQSM reconstruction
iQSM Reconstruction Finished
Network Loading
reconing ...
0.9627928733825684
torch.Size([304, 304, 240])
Saving results
end
## Done!! 
Processing 20180511_volunteer 
## Setting up parameters 
## Loading data from input directory 
## Brain Extraction 
## Cropping images 
## Phase unwrapping and background field removing 
Elapsed time is 0.779867 seconds.
Calling Python for iQSM reconstruction
iQSM Reconstruction Finished
Network Loading
reconing ...
0.9555997848510742
torch.Size([304, 304, 240])
Saving results
end
Calling Python for iQSM reconstruction
iQSM Reconstruction Finished
Network Loading
reconing ...
0.9428150653839111
torch.Size([304, 304, 240])
Saving results
end
Calling Python for iQSM reconstruction
iQSM Reconstruction Finished
Network Loading
reconing ...
0.9492340087890625
torch.Size([304, 304, 240])
Saving results
end
Calling Python for iQSM reconstruction
iQSM Reconstruction Finished
Network Loading
reconing ...
0.9721560478210449
torch.Size([304, 304, 240])
Saving results
end
## Done!! 
Processing 20180515_volunteer 
## Setting up parameters 
## Loading data from input directory 
## Brain Extraction 
## Cropping images 
## Phase unwrapping and background field removing 
Elapsed time is 0.762184 seconds.
Calling Python for iQSM reconstruction
iQSM Reconstruction Finished
Network Loading
reconing ...
0.975792646408081
torch.Size([304, 304, 240])
Saving results
end
Calling Python for iQSM reconstruction
iQSM Reconstruction Finished
Network Loading
reconing ...
0.9422996044158936
torch.Size([304, 304, 240])
Saving results
end
Calling Python for iQSM reconstruction
iQSM Reconstruction Finished
Network Loading
reconing ...
0.9571449756622314
torch.Size([304, 304, 240])
Saving results
end
Calling Python for iQSM reconstruction
iQSM Reconstruction Finished
Network Loading
reconing ...
0.9557180404663086
torch.Size([304, 304, 240])
Saving results
end
## Done!! 
Processing 20180522_volunteer 
## Setting up parameters 
## Loading data from input directory 
## Brain Extraction 
## Cropping images 
## Phase unwrapping and background field removing 
Elapsed time is 0.750263 seconds.
Calling Python for iQSM reconstruction
iQSM Reconstruction Finished
Network Loading
reconing ...
0.9668984413146973
torch.Size([304, 304, 240])
Saving results
end
Calling Python for iQSM reconstruction
iQSM Reconstruction Finished
Network Loading
reconing ...
0.9745242595672607
torch.Size([304, 304, 240])
Saving results
end
Calling Python for iQSM reconstruction
iQSM Reconstruction Finished
Network Loading
reconing ...
0.9552202224731445
torch.Size([304, 304, 240])
Saving results
end
Calling Python for iQSM reconstruction
iQSM Reconstruction Finished
Network Loading
reconing ...
0.9775962829589844
torch.Size([304, 304, 240])
Saving results
end
## Done!! 
Processing 20180522_volunteer2 
## Setting up parameters 
## Loading data from input directory 
## Brain Extraction 
## Cropping images 
## Phase unwrapping and background field removing 
Elapsed time is 0.683884 seconds.
Calling Python for iQSM reconstruction
iQSM Reconstruction Finished
Network Loading
reconing ...
0.9521896839141846
torch.Size([304, 304, 240])
Saving results
end
Calling Python for iQSM reconstruction
iQSM Reconstruction Finished
Network Loading
reconing ...
0.9558024406433105
torch.Size([304, 304, 240])
Saving results
end
Calling Python for iQSM reconstruction
iQSM Reconstruction Finished
Network Loading
reconing ...
0.9509704113006592
torch.Size([304, 304, 240])
Saving results
end
Calling Python for iQSM reconstruction
iQSM Reconstruction Finished
Network Loading
reconing ...
0.975419282913208
torch.Size([304, 304, 240])
Saving results
end
## Done!! 
Processing 20180529_volunteer 
## Setting up parameters 
## Loading data from input directory 
## Brain Extraction 
## Cropping images 
## Phase unwrapping and background field removing 
Elapsed time is 0.785366 seconds.
Calling Python for iQSM reconstruction
iQSM Reconstruction Finished
Network Loading
reconing ...
0.9731142520904541
torch.Size([304, 304, 240])
Saving results
end
Calling Python for iQSM reconstruction
iQSM Reconstruction Finished
Network Loading
reconing ...
0.9434776306152344
torch.Size([304, 304, 240])
Saving results
end
Calling Python for iQSM reconstruction
iQSM Reconstruction Finished
Network Loading
reconing ...
0.9487566947937012
torch.Size([304, 304, 240])
Saving results
end
Calling Python for iQSM reconstruction
iQSM Reconstruction Finished
Network Loading
reconing ...
0.9763119220733643
torch.Size([304, 304, 240])
Saving results
end
## Done!! 
Processing 20180529_volunteer2 
## Setting up parameters 
## Loading data from input directory 
## Brain Extraction 
## Cropping images 
## Phase unwrapping and background field removing 
Elapsed time is 0.821501 seconds.
Calling Python for iQSM reconstruction
iQSM Reconstruction Finished
Network Loading
reconing ...
0.9677431583404541
torch.Size([304, 304, 240])
Saving results
end
Calling Python for iQSM reconstruction
iQSM Reconstruction Finished
Network Loading
reconing ...
0.9693887233734131
torch.Size([304, 304, 240])
Saving results
end
Calling Python for iQSM reconstruction
iQSM Reconstruction Finished
Network Loading
reconing ...
0.958137035369873
torch.Size([304, 304, 240])
Saving results
end
Calling Python for iQSM reconstruction
iQSM Reconstruction Finished
Network Loading
reconing ...
0.9784684181213379
torch.Size([304, 304, 240])
Saving results
end
## Done!! 
